{"uid":"5736380bbb43d0ed","name":"LoginAdminTest()","fullName":"org.palywright.quarkus.LoginPageTest.LoginAdminTest","historyId":"cd9a24cb209aebd0cfd20209fe6e8ee4","time":{"start":1691331501312,"stop":1691331502417,"duration":1105},"description":"Invalid Login Test with valid Username and valid Password.","descriptionHtml":"<p>Invalid Login Test with valid Username and valid Password.</p>\n","status":"broken","statusMessage":"Error {\n  message='\n╔══════════════════════════════════════════════════════╗\n║ Host system is missing dependencies to run browsers. ║\n║ Missing libraries:                                   ║\n║     libvpx.so.7                                      ║\n║     libevent-2.1.so.7                                ║\n║     libopus.so.0                                     ║\n║     libwoff2dec.so.1.0.2                             ║\n║     libharfbuzz-icu.so.0                             ║\n║     libgstallocators-1.0.so.0                        ║\n║     libgstapp-1.0.so.0                               ║\n║     libgstpbutils-1.0.so.0                           ║\n║     libgstaudio-1.0.so.0                             ║\n║     libgsttag-1.0.so.0                               ║\n║     libgstvideo-1.0.so.0                             ║\n║     libgstgl-1.0.so.0                                ║\n║     libgstcodecparsers-1.0.so.0                      ║\n║     libgstfft-1.0.so.0                               ║\n║     libhyphen.so.0                                   ║\n║     libmanette-0.2.so.0                              ║\n║     libflite.so.1                                    ║\n║     libflite_usenglish.so.1                          ║\n║     libflite_cmu_grapheme_lang.so.1                  ║\n║     libflite_cmu_grapheme_lex.so.1                   ║\n║     libflite_cmu_indic_lang.so.1                     ║\n║     libflite_cmu_indic_lex.so.1                      ║\n║     libflite_cmulex.so.1                             ║\n║     libflite_cmu_time_awb.so.1                       ║\n║     libflite_cmu_us_awb.so.1                         ║\n║     libflite_cmu_us_kal16.so.1                       ║\n║     libflite_cmu_us_kal.so.1                         ║\n║     libflite_cmu_us_rms.so.1                         ║\n║     libflite_cmu_us_slt.so.1                         ║\n║     libGLESv2.so.2                                   ║\n║     libx264.so                                       ║\n╚══════════════════════════════════════════════════════╝\n  name='Error\n  stack='Error: \n╔══════════════════════════════════════════════════════╗\n║ Host system is missing dependencies to run browsers. ║\n║ Missing libraries:                                   ║\n║     libvpx.so.7                                      ║\n║     libevent-2.1.so.7                                ║\n║     libopus.so.0                                     ║\n║     libwoff2dec.so.1.0.2                             ║\n║     libharfbuzz-icu.so.0                             ║\n║     libgstallocators-1.0.so.0                        ║\n║     libgstapp-1.0.so.0                               ║\n║     libgstpbutils-1.0.so.0                           ║\n║     libgstaudio-1.0.so.0                             ║\n║     libgsttag-1.0.so.0                               ║\n║     libgstvideo-1.0.so.0                             ║\n║     libgstgl-1.0.so.0                                ║\n║     libgstcodecparsers-1.0.so.0                      ║\n║     libgstfft-1.0.so.0                               ║\n║     libhyphen.so.0                                   ║\n║     libmanette-0.2.so.0                              ║\n║     libflite.so.1                                    ║\n║     libflite_usenglish.so.1                          ║\n║     libflite_cmu_grapheme_lang.so.1                  ║\n║     libflite_cmu_grapheme_lex.so.1                   ║\n║     libflite_cmu_indic_lang.so.1                     ║\n║     libflite_cmu_indic_lex.so.1                      ║\n║     libflite_cmulex.so.1                             ║\n║     libflite_cmu_time_awb.so.1                       ║\n║     libflite_cmu_us_awb.so.1                         ║\n║     libflite_cmu_us_kal16.so.1                       ║\n║     libflite_cmu_us_kal.so.1                         ║\n║     libflite_cmu_us_rms.so.1                         ║\n║     libflite_cmu_us_slt.so.1                         ║\n║     libGLESv2.so.2                                   ║\n║     libx264.so                                       ║\n╚══════════════════════════════════════════════════════╝\n    at validateDependenciesLinux (/tmp/playwright-java-4299075499355930560/package/lib/server/registry/dependencies.js:216:9)\n    at process.processTicksAndRejections (node:internal/process/task_queues:95:5)\n    at async Registry._validateHostRequirements (/tmp/playwright-java-4299075499355930560/package/lib/server/registry/index.js:573:43)\n    at async WebKit._launchProcess (/tmp/playwright-java-4299075499355930560/package/lib/server/browserType.js:167:7)\n    at async WebKit._innerLaunch (/tmp/playwright-java-4299075499355930560/package/lib/server/browserType.js:103:9)\n    at async WebKit._innerLaunchWithRetries (/tmp/playwright-java-4299075499355930560/package/lib/server/browserType.js:84:14)\n    at async ProgressController.run (/tmp/playwright-java-4299075499355930560/package/lib/server/progress.js:92:22)\n    at async WebKit.launch (/tmp/playwright-java-4299075499355930560/package/lib/server/browserType.js:61:21)\n    at async BrowserTypeDispatcher.launch (/tmp/playwright-java-4299075499355930560/package/lib/server/dispatchers/browserTypeDispatcher.js:35:21)\n    at async DispatcherConnection.dispatch (/tmp/playwright-java-4299075499355930560/package/lib/server/dispatchers/dispatcher.js:312:22)\n}","statusTrace":"com.microsoft.playwright.PlaywrightException: Error {\n  message='\n╔══════════════════════════════════════════════════════╗\n║ Host system is missing dependencies to run browsers. ║\n║ Missing libraries:                                   ║\n║     libvpx.so.7                                      ║\n║     libevent-2.1.so.7                                ║\n║     libopus.so.0                                     ║\n║     libwoff2dec.so.1.0.2                             ║\n║     libharfbuzz-icu.so.0                             ║\n║     libgstallocators-1.0.so.0                        ║\n║     libgstapp-1.0.so.0                               ║\n║     libgstpbutils-1.0.so.0                           ║\n║     libgstaudio-1.0.so.0                             ║\n║     libgsttag-1.0.so.0                               ║\n║     libgstvideo-1.0.so.0                             ║\n║     libgstgl-1.0.so.0                                ║\n║     libgstcodecparsers-1.0.so.0                      ║\n║     libgstfft-1.0.so.0                               ║\n║     libhyphen.so.0                                   ║\n║     libmanette-0.2.so.0                              ║\n║     libflite.so.1                                    ║\n║     libflite_usenglish.so.1                          ║\n║     libflite_cmu_grapheme_lang.so.1                  ║\n║     libflite_cmu_grapheme_lex.so.1                   ║\n║     libflite_cmu_indic_lang.so.1                     ║\n║     libflite_cmu_indic_lex.so.1                      ║\n║     libflite_cmulex.so.1                             ║\n║     libflite_cmu_time_awb.so.1                       ║\n║     libflite_cmu_us_awb.so.1                         ║\n║     libflite_cmu_us_kal16.so.1                       ║\n║     libflite_cmu_us_kal.so.1                         ║\n║     libflite_cmu_us_rms.so.1                         ║\n║     libflite_cmu_us_slt.so.1                         ║\n║     libGLESv2.so.2                                   ║\n║     libx264.so                                       ║\n╚══════════════════════════════════════════════════════╝\n  name='Error\n  stack='Error: \n╔══════════════════════════════════════════════════════╗\n║ Host system is missing dependencies to run browsers. ║\n║ Missing libraries:                                   ║\n║     libvpx.so.7                                      ║\n║     libevent-2.1.so.7                                ║\n║     libopus.so.0                                     ║\n║     libwoff2dec.so.1.0.2                             ║\n║     libharfbuzz-icu.so.0                             ║\n║     libgstallocators-1.0.so.0                        ║\n║     libgstapp-1.0.so.0                               ║\n║     libgstpbutils-1.0.so.0                           ║\n║     libgstaudio-1.0.so.0                             ║\n║     libgsttag-1.0.so.0                               ║\n║     libgstvideo-1.0.so.0                             ║\n║     libgstgl-1.0.so.0                                ║\n║     libgstcodecparsers-1.0.so.0                      ║\n║     libgstfft-1.0.so.0                               ║\n║     libhyphen.so.0                                   ║\n║     libmanette-0.2.so.0                              ║\n║     libflite.so.1                                    ║\n║     libflite_usenglish.so.1                          ║\n║     libflite_cmu_grapheme_lang.so.1                  ║\n║     libflite_cmu_grapheme_lex.so.1                   ║\n║     libflite_cmu_indic_lang.so.1                     ║\n║     libflite_cmu_indic_lex.so.1                      ║\n║     libflite_cmulex.so.1                             ║\n║     libflite_cmu_time_awb.so.1                       ║\n║     libflite_cmu_us_awb.so.1                         ║\n║     libflite_cmu_us_kal16.so.1                       ║\n║     libflite_cmu_us_kal.so.1                         ║\n║     libflite_cmu_us_rms.so.1                         ║\n║     libflite_cmu_us_slt.so.1                         ║\n║     libGLESv2.so.2                                   ║\n║     libx264.so                                       ║\n╚══════════════════════════════════════════════════════╝\n    at validateDependenciesLinux (/tmp/playwright-java-4299075499355930560/package/lib/server/registry/dependencies.js:216:9)\n    at process.processTicksAndRejections (node:internal/process/task_queues:95:5)\n    at async Registry._validateHostRequirements (/tmp/playwright-java-4299075499355930560/package/lib/server/registry/index.js:573:43)\n    at async WebKit._launchProcess (/tmp/playwright-java-4299075499355930560/package/lib/server/browserType.js:167:7)\n    at async WebKit._innerLaunch (/tmp/playwright-java-4299075499355930560/package/lib/server/browserType.js:103:9)\n    at async WebKit._innerLaunchWithRetries (/tmp/playwright-java-4299075499355930560/package/lib/server/browserType.js:84:14)\n    at async ProgressController.run (/tmp/playwright-java-4299075499355930560/package/lib/server/progress.js:92:22)\n    at async WebKit.launch (/tmp/playwright-java-4299075499355930560/package/lib/server/browserType.js:61:21)\n    at async BrowserTypeDispatcher.launch (/tmp/playwright-java-4299075499355930560/package/lib/server/dispatchers/browserTypeDispatcher.js:35:21)\n    at async DispatcherConnection.dispatch (/tmp/playwright-java-4299075499355930560/package/lib/server/dispatchers/dispatcher.js:312:22)\n}\n\tat com.microsoft.playwright.impl.WaitableResult.get(WaitableResult.java:54)\n\tat com.microsoft.playwright.impl.ChannelOwner.runUntil(ChannelOwner.java:111)\n\tat com.microsoft.playwright.impl.Connection.sendMessage(Connection.java:126)\n\tat com.microsoft.playwright.impl.ChannelOwner.sendMessage(ChannelOwner.java:102)\n\tat com.microsoft.playwright.impl.BrowserTypeImpl.launchImpl(BrowserTypeImpl.java:52)\n\tat com.microsoft.playwright.impl.BrowserTypeImpl.lambda$launch$0(BrowserTypeImpl.java:44)\n\tat com.microsoft.playwright.impl.LoggingSupport.withLogging(LoggingSupport.java:47)\n\tat com.microsoft.playwright.impl.ChannelOwner.withLogging(ChannelOwner.java:87)\n\tat com.microsoft.playwright.impl.BrowserTypeImpl.launch(BrowserTypeImpl.java:44)\n\tat com.microsoft.playwright.impl.BrowserTypeImpl.launch(BrowserTypeImpl.java:35)\n\tat org.palywright.quarkus.config.PlayWrightConfig.getBrowser(PlayWrightConfig.java:34)\n\tat org.palywright.quarkus.config.PlayWrightConfig_ClientProxy.getBrowser(Unknown Source)\n\tat org.palywright.quarkus.page.Base.init(Base.java:25)\n\tat java.base/jdk.internal.reflect.NativeMethodAccessorImpl.invoke0(Native Method)\n\tat java.base/jdk.internal.reflect.NativeMethodAccessorImpl.invoke(NativeMethodAccessorImpl.java:77)\n\tat java.base/jdk.internal.reflect.DelegatingMethodAccessorImpl.invoke(DelegatingMethodAccessorImpl.java:43)\n\tat java.base/java.lang.reflect.Method.invoke(Method.java:568)\n\tat io.quarkus.arc.impl.Reflections.invokeMethod(Reflections.java:182)\n\tat org.palywright.quarkus.page.LoginPage_Bean.doCreate(Unknown Source)\n\tat org.palywright.quarkus.page.LoginPage_Bean.create(Unknown Source)\n\tat org.palywright.quarkus.page.LoginPage_Bean.create(Unknown Source)\n\tat io.quarkus.arc.impl.AbstractSharedContext.createInstanceHandle(AbstractSharedContext.java:113)\n\tat io.quarkus.arc.impl.AbstractSharedContext$1.get(AbstractSharedContext.java:37)\n\tat io.quarkus.arc.impl.AbstractSharedContext$1.get(AbstractSharedContext.java:34)\n\tat io.quarkus.arc.impl.LazyValue.get(LazyValue.java:26)\n\tat io.quarkus.arc.impl.ComputingCache.computeIfAbsent(ComputingCache.java:69)\n\tat io.quarkus.arc.impl.AbstractSharedContext.get(AbstractSharedContext.java:34)\n\tat io.quarkus.arc.impl.ClientProxies.getApplicationScopedDelegate(ClientProxies.java:21)\n\tat org.palywright.quarkus.page.LoginPage_ClientProxy.arc$delegate(Unknown Source)\n\tat org.palywright.quarkus.page.LoginPage_ClientProxy.goTo(Unknown Source)\n\tat org.palywright.quarkus.LoginPageTest.LoginAdminTest(LoginPageTest.java:27)\n\tat java.base/jdk.internal.reflect.NativeMethodAccessorImpl.invoke0(Native Method)\n\tat java.base/jdk.internal.reflect.NativeMethodAccessorImpl.invoke(NativeMethodAccessorImpl.java:77)\n\tat java.base/jdk.internal.reflect.DelegatingMethodAccessorImpl.invoke(DelegatingMethodAccessorImpl.java:43)\n\tat java.base/java.lang.reflect.Method.invoke(Method.java:568)\n\tat io.quarkus.test.junit.QuarkusTestExtension.runExtensionMethod(QuarkusTestExtension.java:1015)\n\tat io.quarkus.test.junit.QuarkusTestExtension.interceptTestMethod(QuarkusTestExtension.java:829)\n\tat org.junit.jupiter.engine.execution.InterceptingExecutableInvoker$ReflectiveInterceptorCall.lambda$ofVoidMethod$0(InterceptingExecutableInvoker.java:103)\n\tat org.junit.jupiter.engine.execution.InterceptingExecutableInvoker.lambda$invoke$0(InterceptingExecutableInvoker.java:93)\n\tat org.junit.jupiter.engine.execution.InvocationInterceptorChain$InterceptedInvocation.proceed(InvocationInterceptorChain.java:106)\n\tat org.junit.jupiter.api.extension.InvocationInterceptor.interceptTestMethod(InvocationInterceptor.java:118)\n\tat org.junit.jupiter.engine.execution.InterceptingExecutableInvoker$ReflectiveInterceptorCall.lambda$ofVoidMethod$0(InterceptingExecutableInvoker.java:103)\n\tat org.junit.jupiter.engine.execution.InterceptingExecutableInvoker.lambda$invoke$0(InterceptingExecutableInvoker.java:93)\n\tat org.junit.jupiter.engine.execution.InvocationInterceptorChain$InterceptedInvocation.proceed(InvocationInterceptorChain.java:106)\n\tat org.junit.jupiter.engine.extension.TimeoutExtension.intercept(TimeoutExtension.java:156)\n\tat org.junit.jupiter.engine.extension.TimeoutExtension.interceptTestableMethod(TimeoutExtension.java:147)\n\tat org.junit.jupiter.engine.extension.TimeoutExtension.interceptTestMethod(TimeoutExtension.java:86)\n\tat org.junit.jupiter.engine.execution.InterceptingExecutableInvoker$ReflectiveInterceptorCall.lambda$ofVoidMethod$0(InterceptingExecutableInvoker.java:103)\n\tat org.junit.jupiter.engine.execution.InterceptingExecutableInvoker.lambda$invoke$0(InterceptingExecutableInvoker.java:93)\n\tat org.junit.jupiter.engine.execution.InvocationInterceptorChain$InterceptedInvocation.proceed(InvocationInterceptorChain.java:106)\n\tat org.junit.jupiter.engine.execution.InvocationInterceptorChain.proceed(InvocationInterceptorChain.java:64)\n\tat org.junit.jupiter.engine.execution.InvocationInterceptorChain.chainAndInvoke(InvocationInterceptorChain.java:45)\n\tat org.junit.jupiter.engine.execution.InvocationInterceptorChain.invoke(InvocationInterceptorChain.java:37)\n\tat org.junit.jupiter.engine.execution.InterceptingExecutableInvoker.invoke(InterceptingExecutableInvoker.java:92)\n\tat org.junit.jupiter.engine.execution.InterceptingExecutableInvoker.invoke(InterceptingExecutableInvoker.java:86)\n\tat org.junit.jupiter.engine.descriptor.TestMethodTestDescriptor.lambda$invokeTestMethod$7(TestMethodTestDescriptor.java:217)\n\tat org.junit.platform.engine.support.hierarchical.ThrowableCollector.execute(ThrowableCollector.java:73)\n\tat org.junit.jupiter.engine.descriptor.TestMethodTestDescriptor.invokeTestMethod(TestMethodTestDescriptor.java:213)\n\tat org.junit.jupiter.engine.descriptor.TestMethodTestDescriptor.execute(TestMethodTestDescriptor.java:138)\n\tat org.junit.jupiter.engine.descriptor.TestMethodTestDescriptor.execute(TestMethodTestDescriptor.java:68)\n\tat org.junit.platform.engine.support.hierarchical.NodeTestTask.lambda$executeRecursively$6(NodeTestTask.java:151)\n\tat org.junit.platform.engine.support.hierarchical.ThrowableCollector.execute(ThrowableCollector.java:73)\n\tat org.junit.platform.engine.support.hierarchical.NodeTestTask.lambda$executeRecursively$8(NodeTestTask.java:141)\n\tat org.junit.platform.engine.support.hierarchical.Node.around(Node.java:137)\n\tat org.junit.platform.engine.support.hierarchical.NodeTestTask.lambda$executeRecursively$9(NodeTestTask.java:139)\n\tat org.junit.platform.engine.support.hierarchical.ThrowableCollector.execute(ThrowableCollector.java:73)\n\tat org.junit.platform.engine.support.hierarchical.NodeTestTask.executeRecursively(NodeTestTask.java:138)\n\tat org.junit.platform.engine.support.hierarchical.NodeTestTask.execute(NodeTestTask.java:95)\n\tat java.base/java.util.ArrayList.forEach(ArrayList.java:1511)\n\tat org.junit.platform.engine.support.hierarchical.SameThreadHierarchicalTestExecutorService.invokeAll(SameThreadHierarchicalTestExecutorService.java:41)\n\tat org.junit.platform.engine.support.hierarchical.NodeTestTask.lambda$executeRecursively$6(NodeTestTask.java:155)\n\tat org.junit.platform.engine.support.hierarchical.ThrowableCollector.execute(ThrowableCollector.java:73)\n\tat org.junit.platform.engine.support.hierarchical.NodeTestTask.lambda$executeRecursively$8(NodeTestTask.java:141)\n\tat org.junit.platform.engine.support.hierarchical.Node.around(Node.java:137)\n\tat org.junit.platform.engine.support.hierarchical.NodeTestTask.lambda$executeRecursively$9(NodeTestTask.java:139)\n\tat org.junit.platform.engine.support.hierarchical.ThrowableCollector.execute(ThrowableCollector.java:73)\n\tat org.junit.platform.engine.support.hierarchical.NodeTestTask.executeRecursively(NodeTestTask.java:138)\n\tat org.junit.platform.engine.support.hierarchical.NodeTestTask.execute(NodeTestTask.java:95)\n\tat java.base/java.util.ArrayList.forEach(ArrayList.java:1511)\n\tat org.junit.platform.engine.support.hierarchical.SameThreadHierarchicalTestExecutorService.invokeAll(SameThreadHierarchicalTestExecutorService.java:41)\n\tat org.junit.platform.engine.support.hierarchical.NodeTestTask.lambda$executeRecursively$6(NodeTestTask.java:155)\n\tat org.junit.platform.engine.support.hierarchical.ThrowableCollector.execute(ThrowableCollector.java:73)\n\tat org.junit.platform.engine.support.hierarchical.NodeTestTask.lambda$executeRecursively$8(NodeTestTask.java:141)\n\tat org.junit.platform.engine.support.hierarchical.Node.around(Node.java:137)\n\tat org.junit.platform.engine.support.hierarchical.NodeTestTask.lambda$executeRecursively$9(NodeTestTask.java:139)\n\tat org.junit.platform.engine.support.hierarchical.ThrowableCollector.execute(ThrowableCollector.java:73)\n\tat org.junit.platform.engine.support.hierarchical.NodeTestTask.executeRecursively(NodeTestTask.java:138)\n\tat org.junit.platform.engine.support.hierarchical.NodeTestTask.execute(NodeTestTask.java:95)\n\tat org.junit.platform.engine.support.hierarchical.SameThreadHierarchicalTestExecutorService.submit(SameThreadHierarchicalTestExecutorService.java:35)\n\tat org.junit.platform.engine.support.hierarchical.HierarchicalTestExecutor.execute(HierarchicalTestExecutor.java:57)\n\tat org.junit.platform.engine.support.hierarchical.HierarchicalTestEngine.execute(HierarchicalTestEngine.java:54)\n\tat org.junit.platform.launcher.core.EngineExecutionOrchestrator.execute(EngineExecutionOrchestrator.java:147)\n\tat org.junit.platform.launcher.core.EngineExecutionOrchestrator.execute(EngineExecutionOrchestrator.java:127)\n\tat org.junit.platform.launcher.core.EngineExecutionOrchestrator.execute(EngineExecutionOrchestrator.java:90)\n\tat org.junit.platform.launcher.core.EngineExecutionOrchestrator.lambda$execute$0(EngineExecutionOrchestrator.java:55)\n\tat org.junit.platform.launcher.core.EngineExecutionOrchestrator.withInterceptedStreams(EngineExecutionOrchestrator.java:102)\n\tat org.junit.platform.launcher.core.EngineExecutionOrchestrator.execute(EngineExecutionOrchestrator.java:54)\n\tat org.junit.platform.launcher.core.DefaultLauncher.execute(DefaultLauncher.java:114)\n\tat org.junit.platform.launcher.core.DefaultLauncher.execute(DefaultLauncher.java:86)\n\tat org.junit.platform.launcher.core.DefaultLauncherSession$DelegatingLauncher.execute(DefaultLauncherSession.java:86)\n\tat org.apache.maven.surefire.junitplatform.LazyLauncher.execute(LazyLauncher.java:50)\n\tat org.apache.maven.surefire.junitplatform.JUnitPlatformProvider.execute(JUnitPlatformProvider.java:184)\n\tat org.apache.maven.surefire.junitplatform.JUnitPlatformProvider.invokeAllTests(JUnitPlatformProvider.java:148)\n\tat org.apache.maven.surefire.junitplatform.JUnitPlatformProvider.invoke(JUnitPlatformProvider.java:122)\n\tat org.apache.maven.surefire.booter.ForkedBooter.runSuitesInProcess(ForkedBooter.java:385)\n\tat org.apache.maven.surefire.booter.ForkedBooter.execute(ForkedBooter.java:162)\n\tat org.apache.maven.surefire.booter.ForkedBooter.run(ForkedBooter.java:507)\n\tat org.apache.maven.surefire.booter.ForkedBooter.main(ForkedBooter.java:495)\nCaused by: com.microsoft.playwright.impl.DriverException: Error {\n  message='\n╔══════════════════════════════════════════════════════╗\n║ Host system is missing dependencies to run browsers. ║\n║ Missing libraries:                                   ║\n║     libvpx.so.7                                      ║\n║     libevent-2.1.so.7                                ║\n║     libopus.so.0                                     ║\n║     libwoff2dec.so.1.0.2                             ║\n║     libharfbuzz-icu.so.0                             ║\n║     libgstallocators-1.0.so.0                        ║\n║     libgstapp-1.0.so.0                               ║\n║     libgstpbutils-1.0.so.0                           ║\n║     libgstaudio-1.0.so.0                             ║\n║     libgsttag-1.0.so.0                               ║\n║     libgstvideo-1.0.so.0                             ║\n║     libgstgl-1.0.so.0                                ║\n║     libgstcodecparsers-1.0.so.0                      ║\n║     libgstfft-1.0.so.0                               ║\n║     libhyphen.so.0                                   ║\n║     libmanette-0.2.so.0                              ║\n║     libflite.so.1                                    ║\n║     libflite_usenglish.so.1                          ║\n║     libflite_cmu_grapheme_lang.so.1                  ║\n║     libflite_cmu_grapheme_lex.so.1                   ║\n║     libflite_cmu_indic_lang.so.1                     ║\n║     libflite_cmu_indic_lex.so.1                      ║\n║     libflite_cmulex.so.1                             ║\n║     libflite_cmu_time_awb.so.1                       ║\n║     libflite_cmu_us_awb.so.1                         ║\n║     libflite_cmu_us_kal16.so.1                       ║\n║     libflite_cmu_us_kal.so.1                         ║\n║     libflite_cmu_us_rms.so.1                         ║\n║     libflite_cmu_us_slt.so.1                         ║\n║     libGLESv2.so.2                                   ║\n║     libx264.so                                       ║\n╚══════════════════════════════════════════════════════╝\n  name='Error\n  stack='Error: \n╔══════════════════════════════════════════════════════╗\n║ Host system is missing dependencies to run browsers. ║\n║ Missing libraries:                                   ║\n║     libvpx.so.7                                      ║\n║     libevent-2.1.so.7                                ║\n║     libopus.so.0                                     ║\n║     libwoff2dec.so.1.0.2                             ║\n║     libharfbuzz-icu.so.0                             ║\n║     libgstallocators-1.0.so.0                        ║\n║     libgstapp-1.0.so.0                               ║\n║     libgstpbutils-1.0.so.0                           ║\n║     libgstaudio-1.0.so.0                             ║\n║     libgsttag-1.0.so.0                               ║\n║     libgstvideo-1.0.so.0                             ║\n║     libgstgl-1.0.so.0                                ║\n║     libgstcodecparsers-1.0.so.0                      ║\n║     libgstfft-1.0.so.0                               ║\n║     libhyphen.so.0                                   ║\n║     libmanette-0.2.so.0                              ║\n║     libflite.so.1                                    ║\n║     libflite_usenglish.so.1                          ║\n║     libflite_cmu_grapheme_lang.so.1                  ║\n║     libflite_cmu_grapheme_lex.so.1                   ║\n║     libflite_cmu_indic_lang.so.1                     ║\n║     libflite_cmu_indic_lex.so.1                      ║\n║     libflite_cmulex.so.1                             ║\n║     libflite_cmu_time_awb.so.1                       ║\n║     libflite_cmu_us_awb.so.1                         ║\n║     libflite_cmu_us_kal16.so.1                       ║\n║     libflite_cmu_us_kal.so.1                         ║\n║     libflite_cmu_us_rms.so.1                         ║\n║     libflite_cmu_us_slt.so.1                         ║\n║     libGLESv2.so.2                                   ║\n║     libx264.so                                       ║\n╚══════════════════════════════════════════════════════╝\n    at validateDependenciesLinux (/tmp/playwright-java-4299075499355930560/package/lib/server/registry/dependencies.js:216:9)\n    at process.processTicksAndRejections (node:internal/process/task_queues:95:5)\n    at async Registry._validateHostRequirements (/tmp/playwright-java-4299075499355930560/package/lib/server/registry/index.js:573:43)\n    at async WebKit._launchProcess (/tmp/playwright-java-4299075499355930560/package/lib/server/browserType.js:167:7)\n    at async WebKit._innerLaunch (/tmp/playwright-java-4299075499355930560/package/lib/server/browserType.js:103:9)\n    at async WebKit._innerLaunchWithRetries (/tmp/playwright-java-4299075499355930560/package/lib/server/browserType.js:84:14)\n    at async ProgressController.run (/tmp/playwright-java-4299075499355930560/package/lib/server/progress.js:92:22)\n    at async WebKit.launch (/tmp/playwright-java-4299075499355930560/package/lib/server/browserType.js:61:21)\n    at async BrowserTypeDispatcher.launch (/tmp/playwright-java-4299075499355930560/package/lib/server/dispatchers/browserTypeDispatcher.js:35:21)\n    at async DispatcherConnection.dispatch (/tmp/playwright-java-4299075499355930560/package/lib/server/dispatchers/dispatcher.js:312:22)\n}\n\tat com.microsoft.playwright.impl.Connection.dispatch(Connection.java:226)\n\tat com.microsoft.playwright.impl.Connection.processOneMessage(Connection.java:206)\n\tat com.microsoft.playwright.impl.ChannelOwner.runUntil(ChannelOwner.java:109)\n\t... 106 more\n","flaky":false,"newFailed":false,"newBroken":true,"newPassed":false,"retriesCount":0,"retriesStatusChange":false,"beforeStages":[],"afterStages":[],"labels":[{"name":"tag","value":"io.quarkus.test.junit.QuarkusTest"},{"name":"junit.platform.uniqueid","value":"[engine:junit-jupiter]/[class:org.palywright.quarkus.LoginPageTest]/[method:LoginAdminTest()]"},{"name":"feature","value":"Valid Login Feature"},{"name":"epic","value":"Login Test Epic"},{"name":"story","value":"User tries to login the system with valid username and valid password."},{"name":"host","value":"fv-az613-558"},{"name":"thread","value":"2213@fv-az613-558.main(1)"},{"name":"framework","value":"junit-platform"},{"name":"language","value":"java"},{"name":"package","value":"org.palywright.quarkus.LoginPageTest"},{"name":"testClass","value":"org.palywright.quarkus.LoginPageTest"},{"name":"testMethod","value":"LoginAdminTest"},{"name":"suite","value":"org.palywright.quarkus.LoginPageTest"},{"name":"resultFormat","value":"allure2"}],"parameters":[],"links":[],"hidden":false,"retry":false,"extra":{"severity":"normal","retries":[],"categories":[{"name":"Test defects","matchedStatuses":[],"flaky":false}],"history":{"statistic":{"failed":0,"broken":1,"skipped":0,"passed":2,"unknown":0,"total":3},"items":[{"uid":"f210b48430827413","reportUrl":"https://veerpatil.github.io/playwright-quarkus-quickstart/9//#testresult/f210b48430827413","status":"passed","time":{"start":1690536296280,"stop":1690536298596,"duration":2316}},{"uid":"f507d526b653d538","reportUrl":"https://veerpatil.github.io/playwright-quarkus-quickstart/8//#testresult/f507d526b653d538","status":"passed","time":{"start":1690535518994,"stop":1690535521125,"duration":2131}}]},"tags":["io.quarkus.test.junit.QuarkusTest"]},"source":"5736380bbb43d0ed.json","parameterValues":[]}